[2022-05-23 19:03:32,899] INFO Starting the log cleaner (kafka.log.LogCleaner)
[2022-05-23 19:03:32,940] INFO [kafka-log-cleaner-thread-0]: Starting (kafka.log.LogCleaner)
[2022-05-23 19:03:33,992] INFO Shutting down the log cleaner. (kafka.log.LogCleaner)
[2022-05-23 19:03:33,992] INFO [kafka-log-cleaner-thread-0]: Shutting down (kafka.log.LogCleaner)
[2022-05-23 19:03:33,992] INFO [kafka-log-cleaner-thread-0]: Stopped (kafka.log.LogCleaner)
[2022-05-23 19:03:33,992] INFO [kafka-log-cleaner-thread-0]: Shutdown completed (kafka.log.LogCleaner)
[2022-05-23 19:04:03,942] INFO Starting the log cleaner (kafka.log.LogCleaner)
[2022-05-23 19:04:03,985] INFO [kafka-log-cleaner-thread-0]: Starting (kafka.log.LogCleaner)
[2022-05-23 19:04:19,008] INFO Cleaner 0: Beginning cleaning of log __consumer_offsets-31 (kafka.log.LogCleaner)
[2022-05-23 19:04:19,009] INFO Cleaner 0: Building offset map for __consumer_offsets-31... (kafka.log.LogCleaner)
[2022-05-23 19:04:19,024] INFO Cleaner 0: Building offset map for log __consumer_offsets-31 for 1 segments in offset range [0, 334). (kafka.log.LogCleaner)
[2022-05-23 19:04:19,037] INFO Cleaner 0: Offset map for log __consumer_offsets-31 complete. (kafka.log.LogCleaner)
[2022-05-23 19:04:19,038] INFO Cleaner 0: Cleaning log __consumer_offsets-31 (cleaning prior to Mon May 23 17:15:48 KST 2022, discarding tombstones prior to upper bound deletion horizon Thu Jan 01 09:00:00 KST 1970)... (kafka.log.LogCleaner)
[2022-05-23 19:04:19,040] INFO Cleaner 0: Cleaning LogSegment(baseOffset=0, size=154888, lastModifiedTime=1653293748165, largestRecordTimestamp=Some(1653293748165)) in log __consumer_offsets-31 into 0 with an upper bound deletion horizon 0 computed from the segment last modified time of 1653293748165,retaining deletes. (kafka.log.LogCleaner)
[2022-05-23 19:04:19,068] INFO Cleaner 0: Swapping in cleaned segment LogSegment(baseOffset=0, size=64504, lastModifiedTime=1653293748165, largestRecordTimestamp=Some(1653293748165)) for segment(s) List(LogSegment(baseOffset=0, size=154888, lastModifiedTime=1653293748165, largestRecordTimestamp=Some(1653293748165))) in log Log(dir=E:\tmp\kafka-logs\__consumer_offsets-31, topicId=1m23rZPWQD2aQjPCuxTdig, topic=__consumer_offsets, partition=31, highWatermark=338, lastStableOffset=338, logStartOffset=0, logEndOffset=338) (kafka.log.LogCleaner)
[2022-05-23 19:05:21,732] INFO Starting the log cleaner (kafka.log.LogCleaner)
[2022-05-23 19:05:21,773] INFO [kafka-log-cleaner-thread-0]: Starting (kafka.log.LogCleaner)
[2022-05-25 19:56:37,943] INFO Starting the log cleaner (kafka.log.LogCleaner)
[2022-05-25 19:56:37,985] INFO [kafka-log-cleaner-thread-0]: Starting (kafka.log.LogCleaner)
[2022-05-25 19:56:38,834] INFO Shutting down the log cleaner. (kafka.log.LogCleaner)
[2022-05-25 19:56:38,834] INFO [kafka-log-cleaner-thread-0]: Shutting down (kafka.log.LogCleaner)
[2022-05-25 19:56:38,835] INFO [kafka-log-cleaner-thread-0]: Stopped (kafka.log.LogCleaner)
[2022-05-25 19:56:38,835] INFO [kafka-log-cleaner-thread-0]: Shutdown completed (kafka.log.LogCleaner)
[2022-05-25 19:56:50,880] INFO Starting the log cleaner (kafka.log.LogCleaner)
[2022-05-25 19:56:50,922] INFO [kafka-log-cleaner-thread-0]: Starting (kafka.log.LogCleaner)
[2022-05-30 17:54:55,078] INFO Shutting down the log cleaner. (kafka.log.LogCleaner)
[2022-05-30 17:54:55,079] INFO [kafka-log-cleaner-thread-0]: Shutting down (kafka.log.LogCleaner)
[2022-05-30 17:54:55,079] INFO [kafka-log-cleaner-thread-0]: Stopped (kafka.log.LogCleaner)
[2022-05-30 17:54:55,079] INFO [kafka-log-cleaner-thread-0]: Shutdown completed (kafka.log.LogCleaner)
[2022-05-30 17:55:03,201] INFO Starting the log cleaner (kafka.log.LogCleaner)
[2022-05-30 17:55:03,257] INFO [kafka-log-cleaner-thread-0]: Starting (kafka.log.LogCleaner)
[2022-05-30 19:15:03,713] INFO Cleaner 0: Beginning cleaning of log __consumer_offsets-9 (kafka.log.LogCleaner)
[2022-05-30 19:15:03,713] INFO Cleaner 0: Building offset map for __consumer_offsets-9... (kafka.log.LogCleaner)
[2022-05-30 19:15:03,732] INFO Cleaner 0: Building offset map for log __consumer_offsets-9 for 1 segments in offset range [0, 16). (kafka.log.LogCleaner)
[2022-05-30 19:15:03,753] INFO Cleaner 0: Offset map for log __consumer_offsets-9 complete. (kafka.log.LogCleaner)
[2022-05-30 19:15:03,754] INFO Cleaner 0: Cleaning log __consumer_offsets-9 (cleaning prior to Mon May 23 21:48:56 KST 2022, discarding tombstones prior to upper bound deletion horizon Thu Jan 01 09:00:00 KST 1970)... (kafka.log.LogCleaner)
[2022-05-30 19:15:03,756] INFO Cleaner 0: Cleaning LogSegment(baseOffset=0, size=3244, lastModifiedTime=1653310136025, largestRecordTimestamp=Some(1653310136025)) in log __consumer_offsets-9 into 0 with an upper bound deletion horizon 0 computed from the segment last modified time of 1653310136025,retaining deletes. (kafka.log.LogCleaner)
[2022-05-30 19:15:03,796] INFO Cleaner 0: Swapping in cleaned segment LogSegment(baseOffset=0, size=1308, lastModifiedTime=1653310136025, largestRecordTimestamp=Some(1653310136025)) for segment(s) List(LogSegment(baseOffset=0, size=3244, lastModifiedTime=1653310136025, largestRecordTimestamp=Some(1653310136025))) in log Log(dir=E:\tmp\kafka-logs\__consumer_offsets-9, topicId=hhvqr59gThu_Bnqf-l2mUg, topic=__consumer_offsets, partition=9, highWatermark=18, lastStableOffset=18, logStartOffset=0, logEndOffset=18) (kafka.log.LogCleaner)
[2022-05-30 19:21:06,942] INFO Starting the log cleaner (kafka.log.LogCleaner)
[2022-05-30 19:21:06,983] INFO [kafka-log-cleaner-thread-0]: Starting (kafka.log.LogCleaner)
[2022-05-30 19:21:21,999] INFO Cleaner 0: Beginning cleaning of log __consumer_offsets-9 (kafka.log.LogCleaner)
[2022-05-30 19:21:21,999] INFO Cleaner 0: Building offset map for __consumer_offsets-9... (kafka.log.LogCleaner)
[2022-05-30 19:21:22,013] INFO Cleaner 0: Building offset map for log __consumer_offsets-9 for 1 segments in offset range [0, 16). (kafka.log.LogCleaner)
[2022-05-30 19:21:22,020] INFO Cleaner 0: Offset map for log __consumer_offsets-9 complete. (kafka.log.LogCleaner)
[2022-05-30 19:21:22,021] INFO Cleaner 0: Cleaning log __consumer_offsets-9 (cleaning prior to Mon May 23 21:48:56 KST 2022, discarding tombstones prior to upper bound deletion horizon Thu Jan 01 09:00:00 KST 1970)... (kafka.log.LogCleaner)
[2022-05-30 19:21:22,023] INFO Cleaner 0: Cleaning LogSegment(baseOffset=0, size=3244, lastModifiedTime=1653310136025, largestRecordTimestamp=Some(1653310136025)) in log __consumer_offsets-9 into 0 with an upper bound deletion horizon 0 computed from the segment last modified time of 1653310136025,retaining deletes. (kafka.log.LogCleaner)
[2022-05-30 19:21:22,055] INFO Cleaner 0: Swapping in cleaned segment LogSegment(baseOffset=0, size=1308, lastModifiedTime=1653310136025, largestRecordTimestamp=Some(1653310136025)) for segment(s) List(LogSegment(baseOffset=0, size=3244, lastModifiedTime=1653310136025, largestRecordTimestamp=Some(1653310136025))) in log Log(dir=E:\tmp\kafka-logs\__consumer_offsets-9, topicId=hhvqr59gThu_Bnqf-l2mUg, topic=__consumer_offsets, partition=9, highWatermark=18, lastStableOffset=18, logStartOffset=0, logEndOffset=18) (kafka.log.LogCleaner)
[2022-05-30 19:22:31,626] INFO Starting the log cleaner (kafka.log.LogCleaner)
[2022-05-30 19:22:31,668] INFO [kafka-log-cleaner-thread-0]: Starting (kafka.log.LogCleaner)
[2022-05-30 19:35:40,377] INFO Shutting down the log cleaner. (kafka.log.LogCleaner)
[2022-05-30 19:35:40,377] INFO [kafka-log-cleaner-thread-0]: Shutting down (kafka.log.LogCleaner)
[2022-05-30 19:35:40,377] INFO [kafka-log-cleaner-thread-0]: Stopped (kafka.log.LogCleaner)
[2022-05-30 19:35:40,377] INFO [kafka-log-cleaner-thread-0]: Shutdown completed (kafka.log.LogCleaner)
[2022-05-30 19:35:54,322] INFO Starting the log cleaner (kafka.log.LogCleaner)
[2022-05-30 19:35:54,366] INFO [kafka-log-cleaner-thread-0]: Starting (kafka.log.LogCleaner)
[2022-05-30 19:35:55,213] INFO Shutting down the log cleaner. (kafka.log.LogCleaner)
[2022-05-30 19:35:55,214] INFO [kafka-log-cleaner-thread-0]: Shutting down (kafka.log.LogCleaner)
[2022-05-30 19:35:55,214] INFO [kafka-log-cleaner-thread-0]: Stopped (kafka.log.LogCleaner)
[2022-05-30 19:35:55,214] INFO [kafka-log-cleaner-thread-0]: Shutdown completed (kafka.log.LogCleaner)
[2022-05-30 19:36:05,872] INFO Starting the log cleaner (kafka.log.LogCleaner)
[2022-05-30 19:36:05,915] INFO [kafka-log-cleaner-thread-0]: Starting (kafka.log.LogCleaner)
[2022-05-30 19:36:06,755] INFO Shutting down the log cleaner. (kafka.log.LogCleaner)
[2022-05-30 19:36:06,755] INFO [kafka-log-cleaner-thread-0]: Shutting down (kafka.log.LogCleaner)
[2022-05-30 19:36:06,756] INFO [kafka-log-cleaner-thread-0]: Stopped (kafka.log.LogCleaner)
[2022-05-30 19:36:06,756] INFO [kafka-log-cleaner-thread-0]: Shutdown completed (kafka.log.LogCleaner)
[2022-05-30 19:36:17,972] INFO Starting the log cleaner (kafka.log.LogCleaner)
[2022-05-30 19:36:18,016] INFO [kafka-log-cleaner-thread-0]: Starting (kafka.log.LogCleaner)
